mobile/build/app/intermediates/manifest_merge_blame_file/release/processReleaseMainManifest/manifest-merger-blame-release-report.txt
1<?xml version="1.0" encoding="utf-8"?>
2<manifest xmlns:android="http://schemas.android.com/apk/res/android"
3    package="com.vaxcare.vaxcare_mobile"
4    android:versionCode="1"
5    android:versionName="1.0.0" >
6
7    <uses-sdk
8        android:minSdkVersion="21"
9        android:targetSdkVersion="35" />
10    <!-- Permissions pour les notifications sonores -->
11    <uses-permission android:name="android.permission.RINGTONE" />
11-->src\main\AndroidManifest.xml:3:5-67
11-->src\main\AndroidManifest.xml:3:22-64
12    <uses-permission android:name="android.permission.MODIFY_AUDIO_SETTINGS" />
12-->src\main\AndroidManifest.xml:4:5-80
12-->src\main\AndroidManifest.xml:4:22-77
13    <uses-permission android:name="android.permission.VIBRATE" />
13-->src\main\AndroidManifest.xml:5:5-66
13-->src\main\AndroidManifest.xml:5:22-63
14    <!--
15         Required to query activities that can process text, see:
16         https://developer.android.com/training/package-visibility and
17         https://developer.android.com/reference/android/content/Intent#ACTION_PROCESS_TEXT.
18
19         In particular, this is used by the Flutter engine in io.flutter.plugin.text.ProcessTextPlugin.
20    -->
21    <queries>
21-->src\main\AndroidManifest.xml:45:5-50:15
22        <intent>
22-->src\main\AndroidManifest.xml:46:9-49:18
23            <action android:name="android.intent.action.PROCESS_TEXT" />
23-->src\main\AndroidManifest.xml:47:13-72
23-->src\main\AndroidManifest.xml:47:21-70
24
25            <data android:mimeType="text/plain" />
25-->src\main\AndroidManifest.xml:48:13-50
25-->src\main\AndroidManifest.xml:48:19-48
26        </intent>
27    </queries>
28
29    <permission
29-->[androidx.core:core:1.13.1] AndroidManifest.xml:22:5-24:47
30        android:name="com.vaxcare.vaxcare_mobile.DYNAMIC_RECEIVER_NOT_EXPORTED_PERMISSION"
30-->[androidx.core:core:1.13.1] AndroidManifest.xml:23:9-81
31        android:protectionLevel="signature" />
31-->[androidx.core:core:1.13.1] AndroidManifest.xml:24:9-44
32
33    <uses-permission android:name="com.vaxcare.vaxcare_mobile.DYNAMIC_RECEIVER_NOT_EXPORTED_PERMISSION" />
33-->[androidx.core:core:1.13.1] AndroidManifest.xml:26:5-97
33-->[androidx.core:core:1.13.1] AndroidManifest.xml:26:22-94
34
35    <application
36        android:name="android.app.Application"
36-->src\main\AndroidManifest.xml:9:9-42
37        android:appComponentFactory="androidx.core.app.CoreComponentFactory"
37-->[androidx.core:core:1.13.1] AndroidManifest.xml:28:18-86
38        android:enableOnBackInvokedCallback="true"
38-->src\main\AndroidManifest.xml:11:9-51
39        android:extractNativeLibs="true"
40        android:icon="@mipmap/ic_launcher"
40-->src\main\AndroidManifest.xml:10:9-43
41        android:label="vaxcare_mobile" >
41-->src\main\AndroidManifest.xml:8:9-39
42        <activity
42-->src\main\AndroidManifest.xml:12:9-33:20
43            android:name="com.vaxcare.vaxcare_mobile.MainActivity"
43-->src\main\AndroidManifest.xml:13:13-41
44            android:configChanges="orientation|keyboardHidden|keyboard|screenSize|smallestScreenSize|locale|layoutDirection|fontScale|screenLayout|density|uiMode"
44-->src\main\AndroidManifest.xml:18:13-163
45            android:exported="true"
45-->src\main\AndroidManifest.xml:14:13-36
46            android:hardwareAccelerated="true"
46-->src\main\AndroidManifest.xml:19:13-47
47            android:launchMode="singleTop"
47-->src\main\AndroidManifest.xml:15:13-43
48            android:taskAffinity=""
48-->src\main\AndroidManifest.xml:16:13-36
49            android:theme="@style/LaunchTheme"
49-->src\main\AndroidManifest.xml:17:13-47
50            android:windowSoftInputMode="adjustResize" >
50-->src\main\AndroidManifest.xml:20:13-55
51
52            <!--
53                 Specifies an Android theme to apply to this Activity as soon as
54                 the Android process has started. This theme is visible to the user
55                 while the Flutter UI initializes. After that, this theme continues
56                 to determine the Window background behind the Flutter UI.
57            -->
58            <meta-data
58-->src\main\AndroidManifest.xml:25:13-28:17
59                android:name="io.flutter.embedding.android.NormalTheme"
59-->src\main\AndroidManifest.xml:26:15-70
60                android:resource="@style/NormalTheme" />
60-->src\main\AndroidManifest.xml:27:15-52
61
62            <intent-filter>
62-->src\main\AndroidManifest.xml:29:13-32:29
63                <action android:name="android.intent.action.MAIN" />
63-->src\main\AndroidManifest.xml:30:17-68
63-->src\main\AndroidManifest.xml:30:25-66
64
65                <category android:name="android.intent.category.LAUNCHER" />
65-->src\main\AndroidManifest.xml:31:17-76
65-->src\main\AndroidManifest.xml:31:27-74
66            </intent-filter>
67        </activity>
68        <!--
69             Don't delete the meta-data below.
70             This is used by the Flutter tool to generate GeneratedPluginRegistrant.java
71        -->
72        <meta-data
72-->src\main\AndroidManifest.xml:36:9-38:33
73            android:name="flutterEmbedding"
73-->src\main\AndroidManifest.xml:37:13-44
74            android:value="2" />
74-->src\main\AndroidManifest.xml:38:13-30
75
76        <provider
76-->[:image_picker_android] AndroidManifest.xml:9:9-17:20
77            android:name="io.flutter.plugins.imagepicker.ImagePickerFileProvider"
77-->[:image_picker_android] AndroidManifest.xml:10:13-82
78            android:authorities="com.vaxcare.vaxcare_mobile.flutter.image_provider"
78-->[:image_picker_android] AndroidManifest.xml:11:13-74
79            android:exported="false"
79-->[:image_picker_android] AndroidManifest.xml:12:13-37
80            android:grantUriPermissions="true" >
80-->[:image_picker_android] AndroidManifest.xml:13:13-47
81            <meta-data
81-->[:image_picker_android] AndroidManifest.xml:14:13-16:75
82                android:name="android.support.FILE_PROVIDER_PATHS"
82-->[:image_picker_android] AndroidManifest.xml:15:17-67
83                android:resource="@xml/flutter_image_picker_file_paths" />
83-->[:image_picker_android] AndroidManifest.xml:16:17-72
84        </provider> <!-- Trigger Google Play services to install the backported photo picker module. -->
85        <service
85-->[:image_picker_android] AndroidManifest.xml:19:9-31:19
86            android:name="com.google.android.gms.metadata.ModuleDependencies"
86-->[:image_picker_android] AndroidManifest.xml:20:13-78
87            android:enabled="false"
87-->[:image_picker_android] AndroidManifest.xml:21:13-36
88            android:exported="false" >
88-->[:image_picker_android] AndroidManifest.xml:22:13-37
89            <intent-filter>
89-->[:image_picker_android] AndroidManifest.xml:24:13-26:29
90                <action android:name="com.google.android.gms.metadata.MODULE_DEPENDENCIES" />
90-->[:image_picker_android] AndroidManifest.xml:25:17-94
90-->[:image_picker_android] AndroidManifest.xml:25:25-91
91            </intent-filter>
92
93            <meta-data
93-->[:image_picker_android] AndroidManifest.xml:28:13-30:36
94                android:name="photopicker_activity:0:required"
94-->[:image_picker_android] AndroidManifest.xml:29:17-63
95                android:value="" />
95-->[:image_picker_android] AndroidManifest.xml:30:17-33
96        </service>
97
98        <activity
98-->[:url_launcher_android] AndroidManifest.xml:8:9-11:74
99            android:name="io.flutter.plugins.urllauncher.WebViewActivity"
99-->[:url_launcher_android] AndroidManifest.xml:9:13-74
100            android:exported="false"
100-->[:url_launcher_android] AndroidManifest.xml:10:13-37
101            android:theme="@android:style/Theme.NoTitleBar.Fullscreen" />
101-->[:url_launcher_android] AndroidManifest.xml:11:13-71
102
103        <uses-library
103-->[androidx.window:window:1.2.0] AndroidManifest.xml:23:9-25:40
104            android:name="androidx.window.extensions"
104-->[androidx.window:window:1.2.0] AndroidManifest.xml:24:13-54
105            android:required="false" />
105-->[androidx.window:window:1.2.0] AndroidManifest.xml:25:13-37
106        <uses-library
106-->[androidx.window:window:1.2.0] AndroidManifest.xml:26:9-28:40
107            android:name="androidx.window.sidecar"
107-->[androidx.window:window:1.2.0] AndroidManifest.xml:27:13-51
108            android:required="false" />
108-->[androidx.window:window:1.2.0] AndroidManifest.xml:28:13-37
109
110        <provider
110-->[androidx.lifecycle:lifecycle-process:2.7.0] AndroidManifest.xml:24:9-32:20
111            android:name="androidx.startup.InitializationProvider"
111-->[androidx.lifecycle:lifecycle-process:2.7.0] AndroidManifest.xml:25:13-67
112            android:authorities="com.vaxcare.vaxcare_mobile.androidx-startup"
112-->[androidx.lifecycle:lifecycle-process:2.7.0] AndroidManifest.xml:26:13-68
113            android:exported="false" >
113-->[androidx.lifecycle:lifecycle-process:2.7.0] AndroidManifest.xml:27:13-37
114            <meta-data
114-->[androidx.lifecycle:lifecycle-process:2.7.0] AndroidManifest.xml:29:13-31:52
115                android:name="androidx.lifecycle.ProcessLifecycleInitializer"
115-->[androidx.lifecycle:lifecycle-process:2.7.0] AndroidManifest.xml:30:17-78
116                android:value="androidx.startup" />
116-->[androidx.lifecycle:lifecycle-process:2.7.0] AndroidManifest.xml:31:17-49
117            <meta-data
117-->[androidx.profileinstaller:profileinstaller:1.4.0] AndroidManifest.xml:29:13-31:52
118                android:name="androidx.profileinstaller.ProfileInstallerInitializer"
118-->[androidx.profileinstaller:profileinstaller:1.4.0] AndroidManifest.xml:30:17-85
119                android:value="androidx.startup" />
119-->[androidx.profileinstaller:profileinstaller:1.4.0] AndroidManifest.xml:31:17-49
120        </provider>
121
122        <receiver
122-->[androidx.profileinstaller:profileinstaller:1.4.0] AndroidManifest.xml:34:9-52:20
123            android:name="androidx.profileinstaller.ProfileInstallReceiver"
123-->[androidx.profileinstaller:profileinstaller:1.4.0] AndroidManifest.xml:35:13-76
124            android:directBootAware="false"
124-->[androidx.profileinstaller:profileinstaller:1.4.0] AndroidManifest.xml:36:13-44
125            android:enabled="true"
125-->[androidx.profileinstaller:profileinstaller:1.4.0] AndroidManifest.xml:37:13-35
126            android:exported="true"
126-->[androidx.profileinstaller:profileinstaller:1.4.0] AndroidManifest.xml:38:13-36
127            android:permission="android.permission.DUMP" >
127-->[androidx.profileinstaller:profileinstaller:1.4.0] AndroidManifest.xml:39:13-57
128            <intent-filter>
128-->[androidx.profileinstaller:profileinstaller:1.4.0] AndroidManifest.xml:40:13-42:29
129                <action android:name="androidx.profileinstaller.action.INSTALL_PROFILE" />
129-->[androidx.profileinstaller:profileinstaller:1.4.0] AndroidManifest.xml:41:17-91
129-->[androidx.profileinstaller:profileinstaller:1.4.0] AndroidManifest.xml:41:25-88
130            </intent-filter>
131            <intent-filter>
131-->[androidx.profileinstaller:profileinstaller:1.4.0] AndroidManifest.xml:43:13-45:29
132                <action android:name="androidx.profileinstaller.action.SKIP_FILE" />
132-->[androidx.profileinstaller:profileinstaller:1.4.0] AndroidManifest.xml:44:17-85
132-->[androidx.profileinstaller:profileinstaller:1.4.0] AndroidManifest.xml:44:25-82
133            </intent-filter>
134            <intent-filter>
134-->[androidx.profileinstaller:profileinstaller:1.4.0] AndroidManifest.xml:46:13-48:29
135                <action android:name="androidx.profileinstaller.action.SAVE_PROFILE" />
135-->[androidx.profileinstaller:profileinstaller:1.4.0] AndroidManifest.xml:47:17-88
135-->[androidx.profileinstaller:profileinstaller:1.4.0] AndroidManifest.xml:47:25-85
136            </intent-filter>
137            <intent-filter>
137-->[androidx.profileinstaller:profileinstaller:1.4.0] AndroidManifest.xml:49:13-51:29
138                <action android:name="androidx.profileinstaller.action.BENCHMARK_OPERATION" />
138-->[androidx.profileinstaller:profileinstaller:1.4.0] AndroidManifest.xml:50:17-95
138-->[androidx.profileinstaller:profileinstaller:1.4.0] AndroidManifest.xml:50:25-92
139            </intent-filter>
140        </receiver>
141    </application>
142
143</manifest>